<?xml version="1.0" encoding="UTF-8"?>
<testsuite name="PessoaTeste" tests="1" skipped="0" failures="0" errors="0" timestamp="2025-06-01T10:55:52.634Z" hostname="FELIPE-DESKTOP" time="0.029">
  <properties/>
  <testcase name="validarCalculoDeIdade()" classname="PessoaTeste" time="0.029"/>
  <system-out><![CDATA[]]></system-out>
  <system-err><![CDATA[]]></system-err>
</testsuite>
