<?xml version="1.0" encoding="UTF-8"?>
<testsuite name="ExceptionsTeste" tests="1" skipped="0" failures="0" errors="0" timestamp="2025-06-06T17:18:45.370Z" hostname="FELIPE-DESKTOP" time="0.006">
  <properties/>
  <testcase name="validarCenarioDeExcecaoNaTransferencia()" classname="ExceptionsTeste" time="0.006"/>
  <system-out><![CDATA[]]></system-out>
  <system-err><![CDATA[]]></system-err>
</testsuite>
